[2025-11-14T04:34:49.903Z] GET /node-learning/security/tokens - IP: ::1 - User-Agent: PostmanRuntime/7.45.0
[2025-11-14T04:35:00.156Z] GET /node-learning/api/users - IP: ::1 - User-Agent: PostmanRuntime/7.45.0
[2025-11-14T04:35:26.531Z] GET /node-learning/api/users - IP: ::1 - User-Agent: PostmanRuntime/7.45.0
[2025-11-14T04:35:38.794Z] POST /node-learning/api/users - IP: ::1 - User-Agent: PostmanRuntime/7.45.0
[2025-11-14T04:35:44.570Z] POST /node-learning/api/users - IP: ::1 - User-Agent: PostmanRuntime/7.45.0
[2025-11-14T04:35:49.171Z] POST /node-learning/api/users - IP: ::1 - User-Agent: PostmanRuntime/7.45.0
[2025-11-14T04:35:53.132Z] POST /node-learning/api/users - IP: ::1 - User-Agent: PostmanRuntime/7.45.0
[2025-11-14T04:35:54.033Z] POST /node-learning/api/users - IP: ::1 - User-Agent: PostmanRuntime/7.45.0
[2025-11-14T04:35:59.167Z] GET /node-learning/api/users - IP: ::1 - User-Agent: PostmanRuntime/7.45.0
[2025-11-14T04:36:22.775Z] DELETE /node-learning/api/users/1 - IP: ::1 - User-Agent: PostmanRuntime/7.45.0
[2025-11-14T04:36:29.635Z] GET /node-learning/api/users/1 - IP: ::1 - User-Agent: PostmanRuntime/7.45.0
[2025-11-14T04:36:42.209Z] GET /node-learning/api/users/2 - IP: ::1 - User-Agent: PostmanRuntime/7.45.0
[2025-11-14T04:36:54.768Z] GET /node-learning/api/users - IP: ::1 - User-Agent: PostmanRuntime/7.45.0
[2025-11-14T04:37:17.678Z] PUT /node-learning/api/users/1 - IP: ::1 - User-Agent: PostmanRuntime/7.45.0
[2025-11-14T04:37:35.897Z] PUT /node-learning/api/users/2 - IP: ::1 - User-Agent: PostmanRuntime/7.45.0
[2025-11-14T04:39:02.447Z] GET /node-learning/security/tokens - IP: ::1 - User-Agent: PostmanRuntime/7.45.0
[2025-11-14T04:39:25.929Z] PUT /node-learning/api/users/2 - IP: ::1 - User-Agent: PostmanRuntime/7.45.0
[2025-11-14T04:39:34.129Z] GET /node-learning/api/users/2 - IP: ::1 - User-Agent: PostmanRuntime/7.45.0
[2025-11-14T04:39:45.481Z] GET /node-learning/api/users - IP: ::1 - User-Agent: PostmanRuntime/7.45.0
[2025-11-14T04:39:52.523Z] GET /node-learning/api/users/3 - IP: ::1 - User-Agent: PostmanRuntime/7.45.0
[2025-11-14T04:39:56.791Z] GET /node-learning/api/users/1 - IP: ::1 - User-Agent: PostmanRuntime/7.45.0
[2025-11-14T04:40:02.338Z] GET /node-learning/api/users/-1 - IP: ::1 - User-Agent: PostmanRuntime/7.45.0
[2025-11-14T04:40:10.884Z] GET /node-learning/api/users/0 - IP: ::1 - User-Agent: PostmanRuntime/7.45.0
[2025-11-14T04:40:17.230Z] GET /node-learning/api/users/-0 - IP: ::1 - User-Agent: PostmanRuntime/7.45.0
[2025-11-14T04:40:30.736Z] PUT /node-learning/api/users/2 - IP: ::1 - User-Agent: PostmanRuntime/7.45.0
[2025-11-14T04:40:39.796Z] GET /node-learning/api/users/2 - IP: ::1 - User-Agent: PostmanRuntime/7.45.0
[2025-11-14T04:40:47.713Z] PUT /node-learning/api/users/2 - IP: ::1 - User-Agent: PostmanRuntime/7.45.0
[2025-11-14T04:41:13.704Z] PUT /node-learning/api/users/2 - IP: ::1 - User-Agent: PostmanRuntime/7.45.0
[2025-11-14T04:41:23.579Z] PUT /node-learning/api/users/2 - IP: ::1 - User-Agent: PostmanRuntime/7.45.0
[2025-11-14T04:41:40.757Z] PUT /node-learning/api/users/2 - IP: ::1 - User-Agent: PostmanRuntime/7.45.0
[2025-11-14T04:41:50.392Z] PUT /node-learning/api/users/2 - IP: ::1 - User-Agent: PostmanRuntime/7.45.0
[2025-11-14T04:42:26.579Z] PUT /node-learning/api/users/2 - IP: ::1 - User-Agent: PostmanRuntime/7.45.0
[2025-11-14T04:42:35.321Z] PUT /node-learning/api/users/2 - IP: ::1 - User-Agent: PostmanRuntime/7.45.0
[2025-11-14T04:44:47.392Z] GET /node-learning/api/users/2 - IP: ::1 - User-Agent: PostmanRuntime/7.45.0
[2025-11-14T04:45:04.578Z] GET /node-learning/security/accessToken - IP: ::1 - User-Agent: PostmanRuntime/7.45.0
[2025-11-14T04:45:18.819Z] GET /node-learning/api/users/2 - IP: ::1 - User-Agent: PostmanRuntime/7.45.0
[2025-11-14T04:45:42.663Z] POST /node-learning/api/users - IP: ::1 - User-Agent: PostmanRuntime/7.45.0
[2025-11-14T04:45:57.854Z] POST /node-learning/api/users - IP: ::1 - User-Agent: PostmanRuntime/7.45.0
[2025-11-14T04:46:21.702Z] POST /node-learning/api/users - IP: ::1 - User-Agent: PostmanRuntime/7.45.0
[2025-11-14T04:50:08.301Z] GET /node-learning/health/basic - IP: ::1 - User-Agent: PostmanRuntime/7.45.0
[2025-11-14T04:50:21.851Z] GET /node-learning/health/system - IP: ::1 - User-Agent: PostmanRuntime/7.45.0
[2025-11-14T05:21:19.283Z] GET /node-learning/health/system - IP: ::1 - User-Agent: PostmanRuntime/7.45.0
[2025-11-14T05:21:35.104Z] GET /node-learning/health/basick - IP: ::1 - User-Agent: PostmanRuntime/7.45.0
[2025-11-14T05:21:39.488Z] GET /node-learning/health/basic - IP: ::1 - User-Agent: PostmanRuntime/7.45.0
[2025-11-14T05:21:51.555Z] GET /node-learning/security/tokens - IP: ::1 - User-Agent: PostmanRuntime/7.45.0
[2025-11-14T05:22:07.529Z] GET /node-learning/health/system - IP: ::1 - User-Agent: PostmanRuntime/7.45.0
[2025-11-14T05:22:24.016Z] GET /node-learning/api/users - IP: ::1 - User-Agent: PostmanRuntime/7.45.0
[2025-11-14T05:22:32.895Z] POST /node-learning/api/users - IP: ::1 - User-Agent: PostmanRuntime/7.45.0
[2025-11-14T05:22:38.125Z] POST /node-learning/api/users - IP: ::1 - User-Agent: PostmanRuntime/7.45.0
[2025-11-14T05:22:39.105Z] POST /node-learning/api/users - IP: ::1 - User-Agent: PostmanRuntime/7.45.0
[2025-11-14T05:22:48.133Z] POST /node-learning/api/users - IP: ::1 - User-Agent: PostmanRuntime/7.45.0
[2025-11-14T05:22:56.161Z] POST /node-learning/api/users - IP: ::1 - User-Agent: PostmanRuntime/7.45.0
[2025-11-14T05:23:03.481Z] POST /node-learning/api/users - IP: ::1 - User-Agent: PostmanRuntime/7.45.0
[2025-11-14T05:23:08.736Z] GET /node-learning/api/users - IP: ::1 - User-Agent: PostmanRuntime/7.45.0
[2025-11-14T05:23:29.436Z] GET /node-learning/api/users/1 - IP: ::1 - User-Agent: PostmanRuntime/7.45.0
[2025-11-14T05:23:34.997Z] DELETE /node-learning/api/users/1 - IP: ::1 - User-Agent: PostmanRuntime/7.45.0
[2025-11-14T05:23:40.207Z] GET /node-learning/api/users/1 - IP: ::1 - User-Agent: PostmanRuntime/7.45.0
[2025-11-14T05:23:44.852Z] GET /node-learning/api/users/2 - IP: ::1 - User-Agent: PostmanRuntime/7.45.0
[2025-11-14T05:23:49.842Z] GET /node-learning/api/users/-2 - IP: ::1 - User-Agent: PostmanRuntime/7.45.0
[2025-11-14T05:23:59.735Z] GET /node-learning/api/users - IP: ::1 - User-Agent: PostmanRuntime/7.45.0
